<?xml version="1.0" encoding="UTF-8"?>
<!-- Generated by org.testng.reporters.JUnitXMLReporter -->
<testsuite ignored="0" hostname="DESKTOP-CU6DRAP" failures="0" tests="3" name="End to End testcase" time="30.988" errors="0" timestamp="2024-12-17T16:07:08 IST">
  <testcase classname="Framework.SeleniumFramework.EndToEndTestcase" name="endToEndTest" time="4.748"/>
  <testcase classname="Framework.SeleniumFramework.EndToEndTestcase" name="endToEndTest" time="5.09"/>
  <testcase classname="Framework.SeleniumFramework.EndToEndTestcase" name="viewOrderHistory" time="0.898"/>
</testsuite> <!-- End to End testcase -->
