<?xml version="1.0" encoding="UTF-8"?>
<!-- Generated by org.testng.reporters.JUnitXMLReporter -->
<testsuite ignored="1" hostname="DESKTOP-CU6DRAP" failures="0" tests="2" name="End to End testcase" time="16.251" errors="0" timestamp="2024-12-09T15:05:28 IST">
  <testcase classname="Framework.SeleniumFramework.EndToEndTestcase" name="endToEndTest" time="3.682"/>
  <testcase classname="Framework.SeleniumFramework.EndToEndTestcase" name="endToEndTest" time="3.779"/>
  <testcase classname="Framework.SeleniumFramework.EndToEndTestcase" name="viewOrderHistory" time="0.0">
    <ignored/>
  </testcase> <!-- viewOrderHistory -->
</testsuite> <!-- End to End testcase -->
