<?xml version="1.0" encoding="UTF-8"?>
<testng-results ignored="0" total="2" passed="2" failed="0" skipped="0">
  <reporter-output>
  </reporter-output>
  <suite started-at="2024-12-09T15:05:12 IST" name="Suite" finished-at="2024-12-09T15:05:28 IST" duration-ms="16251">
    <groups>
      <group name="Purchase">
        <method signature="EndToEndTestcase.endToEndTest(java.util.HashMap)[pri:0, instance:Framework.SeleniumFramework.EndToEndTestcase@5119fb47]" name="endToEndTest" class="Framework.SeleniumFramework.EndToEndTestcase"/>
      </group> <!-- Purchase -->
    </groups>
    <test started-at="2024-12-09T15:05:12 IST" name="Error Validation" finished-at="2024-12-09T15:05:12 IST" duration-ms="20">
    </test> <!-- Error Validation -->
    <test started-at="2024-12-09T15:05:12 IST" name="End to End testcase" finished-at="2024-12-09T15:05:28 IST" duration-ms="16251">
      <class name="Framework.SeleniumFramework.EndToEndTestcase">
        <test-method is-config="true" signature="launchApplication()[pri:0, instance:Framework.SeleniumFramework.EndToEndTestcase@5119fb47]" started-at="2024-12-09T15:05:13 IST" name="launchApplication" finished-at="2024-12-09T15:05:18 IST" duration-ms="5945" status="PASS">
          <reporter-output>
          </reporter-output>
        </test-method> <!-- launchApplication -->
        <test-method signature="endToEndTest(java.util.HashMap)[pri:0, instance:Framework.SeleniumFramework.EndToEndTestcase@5119fb47]" started-at="2024-12-09T15:05:18 IST" name="endToEndTest" data-provider="getData" finished-at="2024-12-09T15:05:22 IST" duration-ms="3682" status="PASS">
          <params>
            <param index="0">
              <value>
                <![CDATA[{password=Abcd@#1234, email=abcdkhan@gmail.com, productName=ZARA COAT 3}]]>
              </value>
            </param>
          </params>
          <reporter-output>
          </reporter-output>
        </test-method> <!-- endToEndTest -->
        <test-method is-config="true" signature="closeApplication()[pri:0, instance:Framework.SeleniumFramework.EndToEndTestcase@5119fb47]" started-at="2024-12-09T15:05:22 IST" name="closeApplication" finished-at="2024-12-09T15:05:22 IST" duration-ms="104" status="PASS">
          <reporter-output>
          </reporter-output>
        </test-method> <!-- closeApplication -->
        <test-method is-config="true" signature="launchApplication()[pri:0, instance:Framework.SeleniumFramework.EndToEndTestcase@5119fb47]" started-at="2024-12-09T15:05:22 IST" name="launchApplication" finished-at="2024-12-09T15:05:24 IST" duration-ms="2177" status="PASS">
          <reporter-output>
          </reporter-output>
        </test-method> <!-- launchApplication -->
        <test-method signature="endToEndTest(java.util.HashMap)[pri:0, instance:Framework.SeleniumFramework.EndToEndTestcase@5119fb47]" started-at="2024-12-09T15:05:24 IST" name="endToEndTest" data-provider="getData" finished-at="2024-12-09T15:05:28 IST" duration-ms="3779" status="PASS">
          <params>
            <param index="0">
              <value>
                <![CDATA[{password=Iamking@000, email=shetty@gmail.com, productName=ADIDAS ORIGINAL}]]>
              </value>
            </param>
          </params>
          <reporter-output>
          </reporter-output>
        </test-method> <!-- endToEndTest -->
        <test-method is-config="true" signature="closeApplication()[pri:0, instance:Framework.SeleniumFramework.EndToEndTestcase@5119fb47]" started-at="2024-12-09T15:05:28 IST" name="closeApplication" finished-at="2024-12-09T15:05:28 IST" duration-ms="82" status="PASS">
          <reporter-output>
          </reporter-output>
        </test-method> <!-- closeApplication -->
      </class> <!-- Framework.SeleniumFramework.EndToEndTestcase -->
    </test> <!-- End to End testcase -->
  </suite> <!-- Suite -->
</testng-results>
